2021-04-23 09:53:27,640 [INFO] Dataset: /home/renxiang/code/streamlit_stonks/datasets/training.1600000.processed.noemoticon.csv
2021-04-23 09:53:30,201 [INFO] 125000 rows used for training
2021-04-23 09:53:31,158 [WARNING] Warning: path already exists! This predictor may overwrite an existing predictor! path="/home/renxiang/code/streamlit_stonks/StonksML/autogluon_model"
2021-04-23 09:53:31,338 [INFO] Problem Type="binary"
2021-04-23 09:53:31,339 [INFO] Column Types:
   - "sentence": text
   - "label": categorical

2021-04-23 09:53:31,366 [INFO] NumPy-shape semantics has been activated in your code. This is required for creating and manipulating scalar and zero-size tensors, which were not supported in MXNet before, as in the official NumPy library. Please DO NOT manually deactivate this semantics while using `mxnet.numpy` and `mxnet.numpy_extension` modules.
2021-04-23 09:53:31,370 [INFO] The GluonNLP V0 backend is used. We will use 12 cpus and 1 gpus to train each trial.
2021-04-23 09:53:32,285 [INFO] Fitting and transforming the train data...
2021-04-23 09:53:34,230 [INFO] Done! Preprocessor saved to /home/renxiang/code/streamlit_stonks/StonksML/autogluon_model/task0/preprocessor.pkl
2021-04-23 09:53:34,321 [INFO] Process dev set...
2021-04-23 09:53:34,722 [INFO] Done!
2021-04-23 09:53:34,842 [INFO] Max length for chunking text: 128, Stochastic chunk: Train-False/Test-False, Test #repeat: 1.
2021-04-23 09:53:37,315 [INFO] #Total Params/Fixed Params=108990466/0
2021-04-23 09:53:37,325 [Level 15] Using gradient accumulation. Global batch size = 128
2021-04-23 09:53:37,412 [INFO] Local training results will be saved to /home/renxiang/code/streamlit_stonks/StonksML/autogluon_model/task0/results_local.jsonl.
2021-04-23 09:55:28,426 [Level 15] [Iter 48/9580, Epoch 0] train loss=7.62e-01, gnorm=3.97e+00, lr=5.01e-06, #samples processed=6144, #sample per second=55.32. ETA=367.43min
2021-04-23 09:56:28,319 [Level 15] [Iter 96/9580, Epoch 0] train loss=5.98e-01, gnorm=3.19e+00, lr=1.00e-05, #samples processed=6144, #sample per second=102.58. ETA=281.40min
2021-04-23 09:57:28,259 [Level 15] [Iter 144/9580, Epoch 0] train loss=4.82e-01, gnorm=7.58e+00, lr=1.50e-05, #samples processed=6144, #sample per second=102.50. ETA=252.11min
2021-04-23 09:58:28,662 [Level 15] [Iter 192/9580, Epoch 0] train loss=4.49e-01, gnorm=3.20e+00, lr=2.00e-05, #samples processed=6144, #sample per second=101.72. ETA=237.35min
2021-04-23 09:58:36,778 [Level 25] [Iter 192/9580, Epoch 0] valid f1=7.8099e-01, mcc=5.9759e-01, roc_auc=8.8531e-01, accuracy=7.9720e-01, log_loss=4.4215e-01, time spent=7.146s, total time spent=4.99min. Find new best=True, Find new top-3=True
2021-04-23 09:59:36,912 [Level 15] [Iter 240/9580, Epoch 0] train loss=4.25e-01, gnorm=4.42e+00, lr=2.51e-05, #samples processed=6144, #sample per second=90.02. ETA=233.18min
2021-04-23 10:00:37,203 [Level 15] [Iter 288/9580, Epoch 0] train loss=4.30e-01, gnorm=6.50e+00, lr=3.01e-05, #samples processed=6144, #sample per second=101.90. ETA=225.74min
2021-04-23 10:01:38,480 [Level 15] [Iter 336/9580, Epoch 0] train loss=4.21e-01, gnorm=8.21e+00, lr=3.51e-05, #samples processed=6144, #sample per second=100.27. ETA=220.59min
2021-04-23 10:02:38,750 [Level 15] [Iter 384/9580, Epoch 0] train loss=4.15e-01, gnorm=7.21e+00, lr=4.01e-05, #samples processed=6144, #sample per second=101.94. ETA=216.07min
2021-04-23 10:02:46,660 [Level 25] [Iter 384/9580, Epoch 0] valid f1=7.2942e-01, mcc=5.9519e-01, roc_auc=9.0704e-01, accuracy=7.8040e-01, log_loss=4.7154e-01, time spent=7.158s, total time spent=9.15min. Find new best=False, Find new top-3=True
2021-04-23 10:03:46,638 [Level 15] [Iter 432/9580, Epoch 0] train loss=4.18e-01, gnorm=2.49e+00, lr=4.51e-05, #samples processed=6144, #sample per second=90.50. ETA=215.02min
2021-04-23 10:04:46,906 [Level 15] [Iter 480/9580, Epoch 0] train loss=3.85e-01, gnorm=2.43e+00, lr=5.01e-05, #samples processed=6144, #sample per second=101.94. ETA=211.54min
2021-04-23 10:05:47,143 [Level 15] [Iter 528/9580, Epoch 0] train loss=3.88e-01, gnorm=2.00e+00, lr=5.51e-05, #samples processed=6144, #sample per second=102.00. ETA=208.51min
2021-04-23 10:06:47,545 [Level 15] [Iter 576/9580, Epoch 0] train loss=3.83e-01, gnorm=2.82e+00, lr=6.01e-05, #samples processed=6144, #sample per second=101.72. ETA=205.86min
2021-04-23 10:06:55,638 [Level 25] [Iter 576/9580, Epoch 0] valid f1=8.3359e-01, mcc=6.6065e-01, roc_auc=9.1572e-01, accuracy=8.2880e-01, log_loss=3.7574e-01, time spent=7.229s, total time spent=13.30min. Find new best=True, Find new top-3=True
2021-04-23 10:07:56,419 [Level 15] [Iter 624/9580, Epoch 0] train loss=4.01e-01, gnorm=2.65e+00, lr=6.51e-05, #samples processed=6144, #sample per second=89.21. ETA=205.48min
2021-04-23 10:08:58,135 [Level 15] [Iter 672/9580, Epoch 0] train loss=3.85e-01, gnorm=1.73e+00, lr=7.01e-05, #samples processed=6144, #sample per second=99.55. ETA=203.42min
2021-04-23 10:10:02,466 [Level 15] [Iter 720/9580, Epoch 0] train loss=3.77e-01, gnorm=2.54e+00, lr=7.52e-05, #samples processed=6144, #sample per second=95.51. ETA=202.03min
2021-04-23 10:11:03,050 [Level 15] [Iter 768/9580, Epoch 0] train loss=3.82e-01, gnorm=1.55e+00, lr=8.02e-05, #samples processed=6144, #sample per second=101.41. ETA=199.96min
2021-04-23 10:11:11,088 [Level 25] [Iter 768/9580, Epoch 0] valid f1=8.3153e-01, mcc=6.7730e-01, roc_auc=9.1945e-01, accuracy=8.3840e-01, log_loss=3.6241e-01, time spent=7.175s, total time spent=17.56min. Find new best=True, Find new top-3=True
2021-04-23 10:12:11,418 [Level 15] [Iter 816/9580, Epoch 0] train loss=3.72e-01, gnorm=2.32e+00, lr=8.52e-05, #samples processed=6144, #sample per second=89.87. ETA=199.41min
2021-04-23 10:13:11,923 [Level 15] [Iter 864/9580, Epoch 0] train loss=3.83e-01, gnorm=2.04e+00, lr=9.02e-05, #samples processed=6144, #sample per second=101.54. ETA=197.47min
2021-04-23 10:14:13,455 [Level 15] [Iter 912/9580, Epoch 0] train loss=3.58e-01, gnorm=1.58e+00, lr=9.52e-05, #samples processed=6144, #sample per second=99.85. ETA=195.80min
2021-04-23 10:15:17,293 [Level 15] [Iter 960/9580, Epoch 1] train loss=3.71e-01, gnorm=1.48e+00, lr=1.00e-04, #samples processed=6144, #sample per second=96.24. ETA=194.53min
2021-04-23 10:15:25,603 [Level 25] [Iter 960/9580, Epoch 1] valid f1=8.5026e-01, mcc=7.0186e-01, roc_auc=9.2378e-01, accuracy=8.5080e-01, log_loss=3.5381e-01, time spent=7.373s, total time spent=21.80min. Find new best=True, Find new top-3=True
2021-04-23 10:16:28,544 [Level 15] [Iter 1008/9580, Epoch 1] train loss=3.50e-01, gnorm=3.39e+00, lr=9.94e-05, #samples processed=6144, #sample per second=86.23. ETA=194.33min
2021-04-23 10:17:33,391 [Level 15] [Iter 1056/9580, Epoch 1] train loss=3.37e-01, gnorm=1.50e+00, lr=9.89e-05, #samples processed=6144, #sample per second=94.75. ETA=193.19min
2021-04-23 10:18:34,766 [Level 15] [Iter 1104/9580, Epoch 1] train loss=3.45e-01, gnorm=1.95e+00, lr=9.83e-05, #samples processed=6144, #sample per second=100.10. ETA=191.60min
2021-04-23 10:19:35,444 [Level 15] [Iter 1152/9580, Epoch 1] train loss=3.31e-01, gnorm=2.02e+00, lr=9.77e-05, #samples processed=6144, #sample per second=101.26. ETA=189.98min
2021-04-23 10:19:43,048 [Level 25] [Iter 1152/9580, Epoch 1] valid f1=8.3573e-01, mcc=6.9126e-01, roc_auc=9.2586e-01, accuracy=8.4480e-01, log_loss=3.6302e-01, time spent=7.148s, total time spent=26.09min. Find new best=False, Find new top-3=True
2021-04-23 10:20:43,138 [Level 15] [Iter 1200/9580, Epoch 1] train loss=3.49e-01, gnorm=3.41e+00, lr=9.72e-05, #samples processed=6144, #sample per second=90.76. ETA=189.22min
2021-04-23 10:21:43,583 [Level 15] [Iter 1248/9580, Epoch 1] train loss=3.50e-01, gnorm=3.22e+00, lr=9.66e-05, #samples processed=6144, #sample per second=101.65. ETA=187.62min
2021-04-23 10:22:44,825 [Level 15] [Iter 1296/9580, Epoch 1] train loss=3.41e-01, gnorm=2.24e+00, lr=9.61e-05, #samples processed=6144, #sample per second=100.32. ETA=186.16min
2021-04-23 10:23:45,681 [Level 15] [Iter 1344/9580, Epoch 1] train loss=3.35e-01, gnorm=1.50e+00, lr=9.55e-05, #samples processed=6144, #sample per second=100.96. ETA=184.68min
2021-04-23 10:23:53,648 [Level 25] [Iter 1344/9580, Epoch 1] valid f1=8.3538e-01, mcc=6.9042e-01, roc_auc=9.2864e-01, accuracy=8.4440e-01, log_loss=3.4529e-01, time spent=7.194s, total time spent=30.27min. Find new best=False, Find new top-3=True
2021-04-23 10:24:53,942 [Level 15] [Iter 1392/9580, Epoch 1] train loss=3.47e-01, gnorm=2.36e+00, lr=9.50e-05, #samples processed=6144, #sample per second=90.01. ETA=183.97min
2021-04-23 10:25:54,053 [Level 15] [Iter 1440/9580, Epoch 1] train loss=3.32e-01, gnorm=1.59e+00, lr=9.44e-05, #samples processed=6144, #sample per second=102.21. ETA=182.46min
2021-04-23 10:26:54,431 [Level 15] [Iter 1488/9580, Epoch 1] train loss=3.30e-01, gnorm=1.73e+00, lr=9.39e-05, #samples processed=6144, #sample per second=101.76. ETA=181.00min
2021-04-23 10:27:54,668 [Level 15] [Iter 1536/9580, Epoch 1] train loss=3.65e-01, gnorm=1.39e+00, lr=9.33e-05, #samples processed=6144, #sample per second=102.00. ETA=179.56min
2021-04-23 10:28:02,429 [Level 25] [Iter 1536/9580, Epoch 1] valid f1=8.4846e-01, mcc=7.0077e-01, roc_auc=9.2930e-01, accuracy=8.5040e-01, log_loss=3.4094e-01, time spent=7.180s, total time spent=34.42min. Find new best=False, Find new top-3=True
2021-04-23 10:29:02,778 [Level 15] [Iter 1584/9580, Epoch 1] train loss=3.35e-01, gnorm=2.40e+00, lr=9.27e-05, #samples processed=6144, #sample per second=90.21. ETA=178.81min
2021-04-23 10:30:02,867 [Level 15] [Iter 1632/9580, Epoch 1] train loss=3.36e-01, gnorm=1.92e+00, lr=9.22e-05, #samples processed=6144, #sample per second=102.25. ETA=177.39min
2021-04-23 10:31:03,672 [Level 15] [Iter 1680/9580, Epoch 1] train loss=3.31e-01, gnorm=1.57e+00, lr=9.16e-05, #samples processed=6144, #sample per second=101.04. ETA=176.05min
2021-04-23 10:32:03,230 [Level 15] [Iter 1728/9580, Epoch 1] train loss=3.36e-01, gnorm=2.25e+00, lr=9.11e-05, #samples processed=6144, #sample per second=103.16. ETA=174.63min
2021-04-23 10:32:11,128 [Level 25] [Iter 1728/9580, Epoch 1] valid f1=8.4483e-01, mcc=6.9756e-01, roc_auc=9.3284e-01, accuracy=8.4880e-01, log_loss=3.4471e-01, time spent=7.167s, total time spent=38.56min. Find new best=False, Find new top-3=True
2021-04-23 10:33:11,599 [Level 15] [Iter 1776/9580, Epoch 1] train loss=3.20e-01, gnorm=2.34e+00, lr=9.05e-05, #samples processed=6144, #sample per second=89.86. ETA=173.88min
2021-04-23 10:34:11,591 [Level 15] [Iter 1824/9580, Epoch 1] train loss=3.38e-01, gnorm=3.14e+00, lr=9.00e-05, #samples processed=6144, #sample per second=102.42. ETA=172.51min
2021-04-23 10:35:12,044 [Level 15] [Iter 1872/9580, Epoch 1] train loss=3.39e-01, gnorm=1.19e+00, lr=8.94e-05, #samples processed=6144, #sample per second=101.63. ETA=171.19min
2021-04-23 10:36:12,373 [Level 15] [Iter 1920/9580, Epoch 2] train loss=3.26e-01, gnorm=1.51e+00, lr=8.88e-05, #samples processed=6144, #sample per second=101.84. ETA=169.89min
2021-04-23 10:36:20,196 [Level 25] [Iter 1920/9580, Epoch 2] valid f1=8.4193e-01, mcc=7.0236e-01, roc_auc=9.3465e-01, accuracy=8.5040e-01, log_loss=3.4848e-01, time spent=7.175s, total time spent=42.71min. Find new best=False, Find new top-3=True
2021-04-23 10:37:20,354 [Level 15] [Iter 1968/9580, Epoch 2] train loss=2.98e-01, gnorm=2.38e+00, lr=8.83e-05, #samples processed=6144, #sample per second=90.38. ETA=169.09min
2021-04-23 10:38:20,704 [Level 15] [Iter 2016/9580, Epoch 2] train loss=2.98e-01, gnorm=1.55e+00, lr=8.77e-05, #samples processed=6144, #sample per second=101.81. ETA=167.79min
2021-04-23 10:39:20,504 [Level 15] [Iter 2064/9580, Epoch 2] train loss=3.05e-01, gnorm=1.79e+00, lr=8.72e-05, #samples processed=6144, #sample per second=102.74. ETA=166.48min
2021-04-23 10:40:21,073 [Level 15] [Iter 2112/9580, Epoch 2] train loss=3.09e-01, gnorm=1.99e+00, lr=8.66e-05, #samples processed=6144, #sample per second=101.44. ETA=165.23min
2021-04-23 10:40:28,259 [Level 25] [Iter 2112/9580, Epoch 2] valid f1=8.3477e-01, mcc=6.9634e-01, roc_auc=9.3447e-01, accuracy=8.4640e-01, log_loss=3.4220e-01, time spent=7.185s, total time spent=46.85min. Find new best=False, Find new top-3=False
2021-04-23 10:41:28,856 [Level 15] [Iter 2160/9580, Epoch 2] train loss=3.12e-01, gnorm=1.72e+00, lr=8.61e-05, #samples processed=6144, #sample per second=90.64. ETA=164.40min
2021-04-23 10:42:28,971 [Level 15] [Iter 2208/9580, Epoch 2] train loss=3.14e-01, gnorm=1.78e+00, lr=8.55e-05, #samples processed=6144, #sample per second=102.20. ETA=163.13min
2021-04-23 10:43:29,212 [Level 15] [Iter 2256/9580, Epoch 2] train loss=2.98e-01, gnorm=3.18e+00, lr=8.49e-05, #samples processed=6144, #sample per second=101.99. ETA=161.88min
2021-04-23 10:44:29,895 [Level 15] [Iter 2304/9580, Epoch 2] train loss=2.92e-01, gnorm=4.50e+00, lr=8.44e-05, #samples processed=6144, #sample per second=101.25. ETA=160.66min
2021-04-23 10:44:38,216 [Level 25] [Iter 2304/9580, Epoch 2] valid f1=8.5171e-01, mcc=7.1293e-01, roc_auc=9.3524e-01, accuracy=8.5640e-01, log_loss=3.5376e-01, time spent=7.168s, total time spent=51.01min. Find new best=True, Find new top-3=True
2021-04-23 10:45:38,374 [Level 15] [Iter 2352/9580, Epoch 2] train loss=3.03e-01, gnorm=2.09e+00, lr=8.38e-05, #samples processed=6144, #sample per second=89.72. ETA=159.85min
2021-04-23 10:46:38,374 [Level 15] [Iter 2400/9580, Epoch 2] train loss=2.93e-01, gnorm=1.28e+00, lr=8.33e-05, #samples processed=6144, #sample per second=102.40. ETA=158.61min
2021-04-23 10:47:38,468 [Level 15] [Iter 2448/9580, Epoch 2] train loss=3.03e-01, gnorm=1.51e+00, lr=8.27e-05, #samples processed=6144, #sample per second=102.24. ETA=157.37min
2021-04-23 10:48:38,092 [Level 15] [Iter 2496/9580, Epoch 2] train loss=3.06e-01, gnorm=1.70e+00, lr=8.22e-05, #samples processed=6144, #sample per second=103.05. ETA=156.13min
2021-04-23 10:48:45,735 [Level 25] [Iter 2496/9580, Epoch 2] valid f1=8.5012e-01, mcc=7.0713e-01, roc_auc=9.3437e-01, accuracy=8.5360e-01, log_loss=3.4803e-01, time spent=7.167s, total time spent=55.14min. Find new best=False, Find new top-3=True
2021-04-23 10:49:45,522 [Level 15] [Iter 2544/9580, Epoch 2] train loss=2.99e-01, gnorm=2.15e+00, lr=8.16e-05, #samples processed=6144, #sample per second=91.12. ETA=155.25min
2021-04-23 10:50:45,871 [Level 15] [Iter 2592/9580, Epoch 2] train loss=2.92e-01, gnorm=2.14e+00, lr=8.10e-05, #samples processed=6144, #sample per second=101.81. ETA=154.05min
2021-04-23 10:51:45,918 [Level 15] [Iter 2640/9580, Epoch 2] train loss=3.02e-01, gnorm=2.22e+00, lr=8.05e-05, #samples processed=6144, #sample per second=102.32. ETA=152.84min
2021-04-23 10:52:46,015 [Level 15] [Iter 2688/9580, Epoch 2] train loss=3.07e-01, gnorm=2.34e+00, lr=7.99e-05, #samples processed=6144, #sample per second=102.23. ETA=151.64min
2021-04-23 10:52:53,933 [Level 25] [Iter 2688/9580, Epoch 2] valid f1=8.5848e-01, mcc=7.1288e-01, roc_auc=9.3573e-01, accuracy=8.5520e-01, log_loss=3.5042e-01, time spent=7.169s, total time spent=59.28min. Find new best=False, Find new top-3=True
2021-04-23 10:53:53,990 [Level 15] [Iter 2736/9580, Epoch 2] train loss=2.94e-01, gnorm=2.26e+00, lr=7.94e-05, #samples processed=6144, #sample per second=90.39. ETA=150.78min
2021-04-23 10:54:53,705 [Level 15] [Iter 2784/9580, Epoch 2] train loss=3.00e-01, gnorm=2.04e+00, lr=7.88e-05, #samples processed=6144, #sample per second=102.89. ETA=149.57min
2021-04-23 10:55:53,820 [Level 15] [Iter 2832/9580, Epoch 2] train loss=3.03e-01, gnorm=2.79e+00, lr=7.83e-05, #samples processed=6144, #sample per second=102.20. ETA=148.38min
2021-04-23 10:56:54,213 [Level 15] [Iter 2880/9580, Epoch 3] train loss=2.95e-01, gnorm=2.47e+00, lr=7.77e-05, #samples processed=6144, #sample per second=101.73. ETA=147.21min
2021-04-23 10:57:01,396 [Level 25] [Iter 2880/9580, Epoch 3] valid f1=8.4233e-01, mcc=7.0867e-01, roc_auc=9.3628e-01, accuracy=8.5280e-01, log_loss=3.4887e-01, time spent=7.182s, total time spent=63.40min. Find new best=False, Find new top-3=False
2021-04-23 10:58:01,163 [Level 15] [Iter 2928/9580, Epoch 3] train loss=2.59e-01, gnorm=2.33e+00, lr=7.72e-05, #samples processed=6144, #sample per second=91.77. ETA=146.30min
2021-04-23 10:59:00,965 [Level 15] [Iter 2976/9580, Epoch 3] train loss=2.84e-01, gnorm=2.07e+00, lr=7.66e-05, #samples processed=6144, #sample per second=102.74. ETA=145.11min
2021-04-23 11:00:00,982 [Level 15] [Iter 3024/9580, Epoch 3] train loss=2.76e-01, gnorm=3.44e+00, lr=7.60e-05, #samples processed=6144, #sample per second=102.37. ETA=143.94min
2021-04-23 11:01:00,966 [Level 15] [Iter 3072/9580, Epoch 3] train loss=2.77e-01, gnorm=2.05e+00, lr=7.55e-05, #samples processed=6144, #sample per second=102.43. ETA=142.77min
2021-04-23 11:01:09,391 [Level 25] [Iter 3072/9580, Epoch 3] valid f1=8.5374e-01, mcc=7.1519e-01, roc_auc=9.3460e-01, accuracy=8.5760e-01, log_loss=3.3198e-01, time spent=7.179s, total time spent=67.53min. Find new best=True, Find new top-3=True
2021-04-23 11:02:09,920 [Level 15] [Iter 3120/9580, Epoch 3] train loss=2.80e-01, gnorm=2.66e+00, lr=7.49e-05, #samples processed=6144, #sample per second=89.10. ETA=141.92min
2021-04-23 11:03:10,065 [Level 15] [Iter 3168/9580, Epoch 3] train loss=2.69e-01, gnorm=2.40e+00, lr=7.44e-05, #samples processed=6144, #sample per second=102.15. ETA=140.76min
2021-04-23 11:04:11,708 [Level 15] [Iter 3216/9580, Epoch 3] train loss=2.81e-01, gnorm=2.23e+00, lr=7.38e-05, #samples processed=6144, #sample per second=99.67. ETA=139.65min
2021-04-23 11:05:14,112 [Level 15] [Iter 3264/9580, Epoch 3] train loss=2.63e-01, gnorm=2.45e+00, lr=7.33e-05, #samples processed=6144, #sample per second=98.46. ETA=138.57min
2021-04-23 11:05:21,773 [Level 25] [Iter 3264/9580, Epoch 3] valid f1=8.4998e-01, mcc=7.1351e-01, roc_auc=9.3487e-01, accuracy=8.5640e-01, log_loss=3.4535e-01, time spent=7.156s, total time spent=71.74min. Find new best=False, Find new top-3=True
2021-04-23 11:06:23,704 [Level 15] [Iter 3312/9580, Epoch 3] train loss=2.72e-01, gnorm=1.98e+00, lr=7.27e-05, #samples processed=6144, #sample per second=88.29. ETA=137.72min
2021-04-23 11:07:23,934 [Level 15] [Iter 3360/9580, Epoch 3] train loss=2.73e-01, gnorm=3.05e+00, lr=7.21e-05, #samples processed=6144, #sample per second=102.01. ETA=136.57min
2021-04-23 11:08:24,203 [Level 15] [Iter 3408/9580, Epoch 3] train loss=2.75e-01, gnorm=2.52e+00, lr=7.16e-05, #samples processed=6144, #sample per second=101.94. ETA=135.43min
2021-04-23 11:09:24,038 [Level 15] [Iter 3456/9580, Epoch 3] train loss=2.60e-01, gnorm=1.78e+00, lr=7.10e-05, #samples processed=6144, #sample per second=102.68. ETA=134.28min
2021-04-23 11:09:31,209 [Level 25] [Iter 3456/9580, Epoch 3] valid f1=8.5141e-01, mcc=7.0953e-01, roc_auc=9.3306e-01, accuracy=8.5480e-01, log_loss=3.4002e-01, time spent=7.170s, total time spent=75.90min. Find new best=False, Find new top-3=False
2021-04-23 11:10:31,537 [Level 15] [Iter 3504/9580, Epoch 3] train loss=2.77e-01, gnorm=2.94e+00, lr=7.05e-05, #samples processed=6144, #sample per second=91.02. ETA=133.35min
2021-04-23 11:11:31,265 [Level 15] [Iter 3552/9580, Epoch 3] train loss=2.72e-01, gnorm=2.32e+00, lr=6.99e-05, #samples processed=6144, #sample per second=102.87. ETA=132.20min
2021-04-23 11:12:31,181 [Level 15] [Iter 3600/9580, Epoch 3] train loss=2.82e-01, gnorm=2.16e+00, lr=6.94e-05, #samples processed=6144, #sample per second=102.54. ETA=131.06min
2021-04-23 11:13:31,120 [Level 15] [Iter 3648/9580, Epoch 3] train loss=2.68e-01, gnorm=3.54e+00, lr=6.88e-05, #samples processed=6144, #sample per second=102.50. ETA=129.92min
2021-04-23 11:13:38,322 [Level 25] [Iter 3648/9580, Epoch 3] valid f1=8.5440e-01, mcc=7.0924e-01, roc_auc=9.3361e-01, accuracy=8.5440e-01, log_loss=3.6100e-01, time spent=7.201s, total time spent=80.02min. Find new best=False, Find new top-3=False
2021-04-23 11:14:38,811 [Level 15] [Iter 3696/9580, Epoch 3] train loss=2.64e-01, gnorm=2.93e+00, lr=6.82e-05, #samples processed=6144, #sample per second=90.77. ETA=128.99min
2021-04-23 11:15:38,627 [Level 15] [Iter 3744/9580, Epoch 3] train loss=2.81e-01, gnorm=3.37e+00, lr=6.77e-05, #samples processed=6144, #sample per second=102.72. ETA=127.85min
2021-04-23 11:16:38,830 [Level 15] [Iter 3792/9580, Epoch 3] train loss=2.77e-01, gnorm=2.70e+00, lr=6.71e-05, #samples processed=6144, #sample per second=102.06. ETA=126.72min
2021-04-23 11:17:39,017 [Level 15] [Iter 3840/9580, Epoch 4] train loss=2.75e-01, gnorm=2.99e+00, lr=6.66e-05, #samples processed=6144, #sample per second=102.08. ETA=125.60min
2021-04-23 11:17:46,183 [Level 25] [Iter 3840/9580, Epoch 4] valid f1=8.4925e-01, mcc=7.0313e-01, roc_auc=9.3401e-01, accuracy=8.5160e-01, log_loss=3.7416e-01, time spent=7.166s, total time spent=84.15min. Find new best=False, Find new top-3=False
2021-04-23 11:18:46,258 [Level 15] [Iter 3888/9580, Epoch 4] train loss=2.45e-01, gnorm=2.41e+00, lr=6.60e-05, #samples processed=6144, #sample per second=91.37. ETA=124.66min
2021-04-23 11:19:46,496 [Level 15] [Iter 3936/9580, Epoch 4] train loss=2.39e-01, gnorm=2.37e+00, lr=6.55e-05, #samples processed=6144, #sample per second=102.00. ETA=123.54min
2021-04-23 11:20:46,968 [Level 15] [Iter 3984/9580, Epoch 4] train loss=2.49e-01, gnorm=3.76e+00, lr=6.49e-05, #samples processed=6144, #sample per second=101.60. ETA=122.43min
2021-04-23 11:21:47,079 [Level 15] [Iter 4032/9580, Epoch 4] train loss=2.54e-01, gnorm=2.73e+00, lr=6.43e-05, #samples processed=6144, #sample per second=102.21. ETA=121.31min
2021-04-23 11:21:54,227 [Level 25] [Iter 4032/9580, Epoch 4] valid f1=8.4383e-01, mcc=7.0340e-01, roc_auc=9.3267e-01, accuracy=8.5120e-01, log_loss=3.8221e-01, time spent=7.148s, total time spent=88.28min. Find new best=False, Find new top-3=False
2021-04-23 11:22:55,356 [Level 15] [Iter 4080/9580, Epoch 4] train loss=2.48e-01, gnorm=3.48e+00, lr=6.38e-05, #samples processed=6144, #sample per second=89.99. ETA=120.38min
2021-04-23 11:23:55,573 [Level 15] [Iter 4128/9580, Epoch 4] train loss=2.56e-01, gnorm=3.82e+00, lr=6.32e-05, #samples processed=6144, #sample per second=102.03. ETA=119.27min
2021-04-23 11:24:55,562 [Level 15] [Iter 4176/9580, Epoch 4] train loss=2.39e-01, gnorm=2.66e+00, lr=6.27e-05, #samples processed=6144, #sample per second=102.42. ETA=118.15min
2021-04-23 11:25:55,976 [Level 15] [Iter 4224/9580, Epoch 4] train loss=2.41e-01, gnorm=2.33e+00, lr=6.21e-05, #samples processed=6144, #sample per second=101.70. ETA=117.05min
2021-04-23 11:26:03,090 [Level 25] [Iter 4224/9580, Epoch 4] valid f1=8.5231e-01, mcc=7.0656e-01, roc_auc=9.3276e-01, accuracy=8.5320e-01, log_loss=3.8308e-01, time spent=7.114s, total time spent=92.43min. Find new best=False, Find new top-3=False
2021-04-23 11:27:02,877 [Level 15] [Iter 4272/9580, Epoch 4] train loss=2.40e-01, gnorm=3.27e+00, lr=6.16e-05, #samples processed=6144, #sample per second=91.84. ETA=116.08min
2021-04-23 11:28:02,937 [Level 15] [Iter 4320/9580, Epoch 4] train loss=2.49e-01, gnorm=2.61e+00, lr=6.10e-05, #samples processed=6144, #sample per second=102.30. ETA=114.97min
2021-04-23 11:29:03,132 [Level 15] [Iter 4368/9580, Epoch 4] train loss=2.45e-01, gnorm=3.31e+00, lr=6.05e-05, #samples processed=6144, #sample per second=102.07. ETA=113.87min
2021-04-23 11:30:03,328 [Level 15] [Iter 4416/9580, Epoch 4] train loss=2.49e-01, gnorm=3.18e+00, lr=5.99e-05, #samples processed=6144, #sample per second=102.07. ETA=112.77min
2021-04-23 11:30:12,374 [Level 25] [Iter 4416/9580, Epoch 4] valid f1=8.5633e-01, mcc=7.1752e-01, roc_auc=9.3433e-01, accuracy=8.5880e-01, log_loss=3.5143e-01, time spent=7.170s, total time spent=96.58min. Find new best=True, Find new top-3=True
2021-04-23 11:31:12,516 [Level 15] [Iter 4464/9580, Epoch 4] train loss=2.54e-01, gnorm=2.87e+00, lr=5.93e-05, #samples processed=6144, #sample per second=88.80. ETA=111.84min
2021-04-23 11:32:12,760 [Level 15] [Iter 4512/9580, Epoch 4] train loss=2.28e-01, gnorm=3.97e+00, lr=5.88e-05, #samples processed=6144, #sample per second=101.99. ETA=110.74min
2021-04-23 11:33:13,138 [Level 15] [Iter 4560/9580, Epoch 4] train loss=2.57e-01, gnorm=1.90e+00, lr=5.82e-05, #samples processed=6144, #sample per second=101.76. ETA=109.64min
2021-04-23 11:34:13,365 [Level 15] [Iter 4608/9580, Epoch 4] train loss=2.48e-01, gnorm=3.22e+00, lr=5.77e-05, #samples processed=6144, #sample per second=102.01. ETA=108.55min
2021-04-23 11:34:22,187 [Level 25] [Iter 4608/9580, Epoch 4] valid f1=8.6011e-01, mcc=7.2049e-01, roc_auc=9.3459e-01, accuracy=8.6000e-01, log_loss=3.7405e-01, time spent=7.171s, total time spent=100.75min. Find new best=True, Find new top-3=True
2021-04-23 11:35:22,960 [Level 15] [Iter 4656/9580, Epoch 4] train loss=2.55e-01, gnorm=2.47e+00, lr=5.71e-05, #samples processed=6144, #sample per second=88.28. ETA=107.62min
2021-04-23 11:36:22,963 [Level 15] [Iter 4704/9580, Epoch 4] train loss=2.45e-01, gnorm=2.71e+00, lr=5.66e-05, #samples processed=6144, #sample per second=102.39. ETA=106.52min
2021-04-23 11:37:22,515 [Level 15] [Iter 4752/9580, Epoch 4] train loss=2.53e-01, gnorm=3.25e+00, lr=5.60e-05, #samples processed=6144, #sample per second=103.17. ETA=105.41min
2021-04-23 11:38:22,319 [Level 15] [Iter 4800/9580, Epoch 5] train loss=2.39e-01, gnorm=3.91e+00, lr=5.54e-05, #samples processed=6144, #sample per second=102.74. ETA=104.31min
2021-04-23 11:38:29,458 [Level 25] [Iter 4800/9580, Epoch 5] valid f1=8.5067e-01, mcc=7.0479e-01, roc_auc=9.3153e-01, accuracy=8.5240e-01, log_loss=4.1128e-01, time spent=7.139s, total time spent=104.87min. Find new best=False, Find new top-3=False
2021-04-23 11:39:29,598 [Level 15] [Iter 4848/9580, Epoch 5] train loss=2.26e-01, gnorm=3.74e+00, lr=5.49e-05, #samples processed=6144, #sample per second=91.32. ETA=103.34min
2021-04-23 11:40:29,582 [Level 15] [Iter 4896/9580, Epoch 5] train loss=2.17e-01, gnorm=2.36e+00, lr=5.43e-05, #samples processed=6144, #sample per second=102.43. ETA=102.24min
2021-04-23 11:41:29,657 [Level 15] [Iter 4944/9580, Epoch 5] train loss=2.23e-01, gnorm=2.10e+00, lr=5.38e-05, #samples processed=6144, #sample per second=102.27. ETA=101.15min
2021-04-23 11:42:30,339 [Level 15] [Iter 4992/9580, Epoch 5] train loss=2.24e-01, gnorm=2.33e+00, lr=5.32e-05, #samples processed=6144, #sample per second=101.25. ETA=100.07min
2021-04-23 11:42:37,493 [Level 25] [Iter 4992/9580, Epoch 5] valid f1=8.4509e-01, mcc=7.0383e-01, roc_auc=9.3202e-01, accuracy=8.5160e-01, log_loss=3.9241e-01, time spent=7.154s, total time spent=109.00min. Find new best=False, Find new top-3=False
2021-04-23 11:43:37,639 [Level 15] [Iter 5040/9580, Epoch 5] train loss=2.15e-01, gnorm=4.62e+00, lr=5.27e-05, #samples processed=6144, #sample per second=91.29. ETA=99.09min
2021-04-23 11:44:37,727 [Level 15] [Iter 5088/9580, Epoch 5] train loss=2.25e-01, gnorm=3.57e+00, lr=5.21e-05, #samples processed=6144, #sample per second=102.25. ETA=98.00min
2021-04-23 11:45:37,658 [Level 15] [Iter 5136/9580, Epoch 5] train loss=2.16e-01, gnorm=2.24e+00, lr=5.15e-05, #samples processed=6144, #sample per second=102.52. ETA=96.91min
2021-04-23 11:46:38,059 [Level 15] [Iter 5184/9580, Epoch 5] train loss=2.15e-01, gnorm=3.87e+00, lr=5.10e-05, #samples processed=6144, #sample per second=101.72. ETA=95.83min
2021-04-23 11:46:45,255 [Level 25] [Iter 5184/9580, Epoch 5] valid f1=8.5022e-01, mcc=6.9927e-01, roc_auc=9.3006e-01, accuracy=8.4920e-01, log_loss=3.8911e-01, time spent=7.196s, total time spent=113.13min. Find new best=False, Find new top-3=False
2021-04-23 11:47:45,818 [Level 15] [Iter 5232/9580, Epoch 5] train loss=2.18e-01, gnorm=3.49e+00, lr=5.04e-05, #samples processed=6144, #sample per second=90.67. ETA=94.85min
2021-04-23 11:48:45,619 [Level 15] [Iter 5280/9580, Epoch 5] train loss=2.24e-01, gnorm=2.67e+00, lr=4.99e-05, #samples processed=6144, #sample per second=102.74. ETA=93.77min
2021-04-23 11:49:45,741 [Level 15] [Iter 5328/9580, Epoch 5] train loss=2.16e-01, gnorm=3.56e+00, lr=4.93e-05, #samples processed=6144, #sample per second=102.19. ETA=92.68min
2021-04-23 11:50:45,703 [Level 15] [Iter 5376/9580, Epoch 5] train loss=2.20e-01, gnorm=2.37e+00, lr=4.88e-05, #samples processed=6144, #sample per second=102.46. ETA=91.60min
2021-04-23 11:50:52,855 [Level 25] [Iter 5376/9580, Epoch 5] valid f1=8.4549e-01, mcc=7.0004e-01, roc_auc=9.3112e-01, accuracy=8.5000e-01, log_loss=3.8016e-01, time spent=7.151s, total time spent=117.26min. Find new best=False, Find new top-3=False
2021-04-23 11:51:53,015 [Level 15] [Iter 5424/9580, Epoch 5] train loss=2.27e-01, gnorm=2.40e+00, lr=4.82e-05, #samples processed=6144, #sample per second=91.28. ETA=90.61min
2021-04-23 11:52:53,072 [Level 15] [Iter 5472/9580, Epoch 5] train loss=2.21e-01, gnorm=3.08e+00, lr=4.76e-05, #samples processed=6144, #sample per second=102.30. ETA=89.53min
2021-04-23 11:53:53,372 [Level 15] [Iter 5520/9580, Epoch 5] train loss=2.35e-01, gnorm=4.02e+00, lr=4.71e-05, #samples processed=6144, #sample per second=101.89. ETA=88.46min
2021-04-23 11:54:53,953 [Level 15] [Iter 5568/9580, Epoch 5] train loss=2.29e-01, gnorm=4.48e+00, lr=4.65e-05, #samples processed=6144, #sample per second=101.42. ETA=87.38min
2021-04-23 11:55:01,145 [Level 25] [Iter 5568/9580, Epoch 5] valid f1=8.5357e-01, mcc=7.0968e-01, roc_auc=9.3086e-01, accuracy=8.5480e-01, log_loss=3.9977e-01, time spent=7.191s, total time spent=121.40min. Find new best=False, Find new top-3=False
2021-04-23 11:56:01,678 [Level 15] [Iter 5616/9580, Epoch 5] train loss=2.32e-01, gnorm=3.44e+00, lr=4.60e-05, #samples processed=6144, #sample per second=90.72. ETA=86.40min
2021-04-23 11:57:01,779 [Level 15] [Iter 5664/9580, Epoch 5] train loss=2.27e-01, gnorm=3.41e+00, lr=4.54e-05, #samples processed=6144, #sample per second=102.23. ETA=85.32min
2021-04-23 11:58:01,904 [Level 15] [Iter 5712/9580, Epoch 5] train loss=2.16e-01, gnorm=3.19e+00, lr=4.49e-05, #samples processed=6144, #sample per second=102.19. ETA=84.25min
2021-04-23 11:59:02,044 [Level 15] [Iter 5760/9580, Epoch 6] train loss=2.11e-01, gnorm=4.28e+00, lr=4.43e-05, #samples processed=6144, #sample per second=102.16. ETA=83.17min
2021-04-23 11:59:09,195 [Level 25] [Iter 5760/9580, Epoch 6] valid f1=8.4461e-01, mcc=6.9674e-01, roc_auc=9.2863e-01, accuracy=8.4840e-01, log_loss=4.0263e-01, time spent=7.150s, total time spent=125.53min. Find new best=False, Find new top-3=False
2021-04-23 12:00:10,306 [Level 15] [Iter 5808/9580, Epoch 6] train loss=2.07e-01, gnorm=4.31e+00, lr=4.37e-05, #samples processed=6144, #sample per second=90.01. ETA=82.19min
2021-04-23 12:01:10,416 [Level 15] [Iter 5856/9580, Epoch 6] train loss=1.86e-01, gnorm=4.43e+00, lr=4.32e-05, #samples processed=6144, #sample per second=102.21. ETA=81.11min
2021-04-23 12:02:10,601 [Level 15] [Iter 5904/9580, Epoch 6] train loss=2.00e-01, gnorm=3.70e+00, lr=4.26e-05, #samples processed=6144, #sample per second=102.09. ETA=80.04min
2021-04-23 12:03:10,255 [Level 15] [Iter 5952/9580, Epoch 6] train loss=1.94e-01, gnorm=5.21e+00, lr=4.21e-05, #samples processed=6144, #sample per second=102.99. ETA=78.96min
2021-04-23 12:03:17,388 [Level 25] [Iter 5952/9580, Epoch 6] valid f1=8.5172e-01, mcc=7.0643e-01, roc_auc=9.2892e-01, accuracy=8.5320e-01, log_loss=4.1262e-01, time spent=7.133s, total time spent=129.67min. Find new best=False, Find new top-3=False
2021-04-23 12:04:17,600 [Level 15] [Iter 6000/9580, Epoch 6] train loss=2.01e-01, gnorm=2.50e+00, lr=4.15e-05, #samples processed=6144, #sample per second=91.23. ETA=77.97min
2021-04-23 12:05:20,115 [Level 15] [Iter 6048/9580, Epoch 6] train loss=2.00e-01, gnorm=3.78e+00, lr=4.10e-05, #samples processed=6144, #sample per second=98.28. ETA=76.92min
2021-04-23 12:06:19,987 [Level 15] [Iter 6096/9580, Epoch 6] train loss=1.98e-01, gnorm=4.00e+00, lr=4.04e-05, #samples processed=6144, #sample per second=102.62. ETA=75.85min
2021-04-23 12:07:20,718 [Level 15] [Iter 6144/9580, Epoch 6] train loss=2.03e-01, gnorm=2.82e+00, lr=3.99e-05, #samples processed=6144, #sample per second=101.17. ETA=74.78min
2021-04-23 12:07:27,878 [Level 25] [Iter 6144/9580, Epoch 6] valid f1=8.4751e-01, mcc=6.9627e-01, roc_auc=9.2958e-01, accuracy=8.4800e-01, log_loss=4.0693e-01, time spent=7.160s, total time spent=133.84min. Find new best=False, Find new top-3=False
2021-04-23 12:08:27,913 [Level 15] [Iter 6192/9580, Epoch 6] train loss=1.97e-01, gnorm=5.50e+00, lr=3.93e-05, #samples processed=6144, #sample per second=91.44. ETA=73.78min
2021-04-23 12:09:28,411 [Level 15] [Iter 6240/9580, Epoch 6] train loss=2.11e-01, gnorm=4.19e+00, lr=3.87e-05, #samples processed=6144, #sample per second=101.56. ETA=72.71min
2021-04-23 12:10:28,299 [Level 15] [Iter 6288/9580, Epoch 6] train loss=2.11e-01, gnorm=4.18e+00, lr=3.82e-05, #samples processed=6144, #sample per second=102.59. ETA=71.65min
2021-04-23 12:11:28,565 [Level 15] [Iter 6336/9580, Epoch 6] train loss=1.99e-01, gnorm=3.02e+00, lr=3.76e-05, #samples processed=6144, #sample per second=101.95. ETA=70.58min
2021-04-23 12:11:35,715 [Level 25] [Iter 6336/9580, Epoch 6] valid f1=8.5144e-01, mcc=7.0792e-01, roc_auc=9.3054e-01, accuracy=8.5400e-01, log_loss=4.1557e-01, time spent=7.150s, total time spent=137.97min. Find new best=False, Find new top-3=False
2021-04-23 12:12:35,353 [Level 15] [Iter 6384/9580, Epoch 6] train loss=1.93e-01, gnorm=3.59e+00, lr=3.71e-05, #samples processed=6144, #sample per second=91.99. ETA=69.57min
2021-04-23 12:13:35,654 [Level 15] [Iter 6432/9580, Epoch 6] train loss=2.09e-01, gnorm=3.21e+00, lr=3.65e-05, #samples processed=6144, #sample per second=101.89. ETA=68.51min
2021-04-23 12:14:35,386 [Level 15] [Iter 6480/9580, Epoch 6] train loss=1.99e-01, gnorm=5.26e+00, lr=3.60e-05, #samples processed=6144, #sample per second=102.86. ETA=67.44min
2021-04-23 12:15:35,546 [Level 15] [Iter 6528/9580, Epoch 6] train loss=2.07e-01, gnorm=2.85e+00, lr=3.54e-05, #samples processed=6144, #sample per second=102.13. ETA=66.37min
2021-04-23 12:15:42,696 [Level 25] [Iter 6528/9580, Epoch 6] valid f1=8.4792e-01, mcc=6.9848e-01, roc_auc=9.2777e-01, accuracy=8.4920e-01, log_loss=4.1029e-01, time spent=7.150s, total time spent=142.09min. Find new best=False, Find new top-3=False
2021-04-23 12:16:42,350 [Level 15] [Iter 6576/9580, Epoch 6] train loss=1.99e-01, gnorm=3.51e+00, lr=3.48e-05, #samples processed=6144, #sample per second=91.97. ETA=65.36min
2021-04-23 12:17:42,709 [Level 15] [Iter 6624/9580, Epoch 6] train loss=2.03e-01, gnorm=3.94e+00, lr=3.43e-05, #samples processed=6144, #sample per second=101.79. ETA=64.30min
2021-04-23 12:18:42,773 [Level 15] [Iter 6672/9580, Epoch 6] train loss=1.97e-01, gnorm=3.16e+00, lr=3.37e-05, #samples processed=6144, #sample per second=102.29. ETA=63.24min
2021-04-23 12:19:42,643 [Level 15] [Iter 6720/9580, Epoch 7] train loss=1.92e-01, gnorm=2.78e+00, lr=3.32e-05, #samples processed=6144, #sample per second=102.62. ETA=62.17min
2021-04-23 12:19:49,822 [Level 25] [Iter 6720/9580, Epoch 7] valid f1=8.5231e-01, mcc=7.0656e-01, roc_auc=9.2952e-01, accuracy=8.5320e-01, log_loss=4.2148e-01, time spent=7.178s, total time spent=146.21min. Find new best=False, Find new top-3=False
2021-04-23 12:20:49,436 [Level 15] [Iter 6768/9580, Epoch 7] train loss=1.84e-01, gnorm=3.12e+00, lr=3.26e-05, #samples processed=6144, #sample per second=91.99. ETA=61.16min
2021-04-23 12:21:50,211 [Level 15] [Iter 6816/9580, Epoch 7] train loss=1.98e-01, gnorm=2.78e+00, lr=3.21e-05, #samples processed=6144, #sample per second=101.10. ETA=60.10min
2021-04-23 12:22:49,988 [Level 15] [Iter 6864/9580, Epoch 7] train loss=1.76e-01, gnorm=1.17e+01, lr=3.15e-05, #samples processed=6144, #sample per second=102.78. ETA=59.04min
2021-04-23 12:23:50,305 [Level 15] [Iter 6912/9580, Epoch 7] train loss=1.74e-01, gnorm=2.70e+00, lr=3.09e-05, #samples processed=6144, #sample per second=101.86. ETA=57.98min
2021-04-23 12:23:57,491 [Level 25] [Iter 6912/9580, Epoch 7] valid f1=8.4863e-01, mcc=6.9934e-01, roc_auc=9.2684e-01, accuracy=8.4960e-01, log_loss=4.7297e-01, time spent=7.185s, total time spent=150.33min. Find new best=False, Find new top-3=False
2021-04-23 12:24:57,690 [Level 15] [Iter 6960/9580, Epoch 7] train loss=1.95e-01, gnorm=4.06e+00, lr=3.04e-05, #samples processed=6144, #sample per second=91.18. ETA=56.97min
2021-04-23 12:25:57,939 [Level 15] [Iter 7008/9580, Epoch 7] train loss=1.90e-01, gnorm=5.55e+00, lr=2.98e-05, #samples processed=6144, #sample per second=101.98. ETA=55.91min
2021-04-23 12:26:58,233 [Level 15] [Iter 7056/9580, Epoch 7] train loss=1.87e-01, gnorm=7.00e+00, lr=2.93e-05, #samples processed=6144, #sample per second=101.90. ETA=54.85min
2021-04-23 12:27:58,683 [Level 15] [Iter 7104/9580, Epoch 7] train loss=1.87e-01, gnorm=5.80e+00, lr=2.87e-05, #samples processed=6144, #sample per second=101.64. ETA=53.80min
2021-04-23 12:28:05,875 [Level 25] [Iter 7104/9580, Epoch 7] valid f1=8.5190e-01, mcc=7.0951e-01, roc_auc=9.2803e-01, accuracy=8.5480e-01, log_loss=4.2312e-01, time spent=7.192s, total time spent=154.47min. Find new best=False, Find new top-3=False
2021-04-23 12:29:06,020 [Level 15] [Iter 7152/9580, Epoch 7] train loss=1.84e-01, gnorm=5.70e+00, lr=2.82e-05, #samples processed=6144, #sample per second=91.24. ETA=52.78min
2021-04-23 12:30:06,424 [Level 15] [Iter 7200/9580, Epoch 7] train loss=1.78e-01, gnorm=2.95e+00, lr=2.76e-05, #samples processed=6144, #sample per second=101.72. ETA=51.73min
2021-04-23 12:31:06,644 [Level 15] [Iter 7248/9580, Epoch 7] train loss=1.81e-01, gnorm=3.84e+00, lr=2.70e-05, #samples processed=6144, #sample per second=102.03. ETA=50.67min
2021-04-23 12:32:06,715 [Level 15] [Iter 7296/9580, Epoch 7] train loss=1.82e-01, gnorm=3.25e+00, lr=2.65e-05, #samples processed=6144, #sample per second=102.28. ETA=49.61min
2021-04-23 12:32:13,868 [Level 25] [Iter 7296/9580, Epoch 7] valid f1=8.4564e-01, mcc=7.0270e-01, roc_auc=9.2895e-01, accuracy=8.5120e-01, log_loss=4.2263e-01, time spent=7.152s, total time spent=158.61min. Find new best=False, Find new top-3=False
2021-04-23 12:33:14,030 [Level 15] [Iter 7344/9580, Epoch 7] train loss=1.85e-01, gnorm=2.98e+00, lr=2.59e-05, #samples processed=6144, #sample per second=91.27. ETA=48.60min
2021-04-23 12:34:14,374 [Level 15] [Iter 7392/9580, Epoch 7] train loss=1.96e-01, gnorm=6.18e+00, lr=2.54e-05, #samples processed=6144, #sample per second=101.82. ETA=47.54min
2021-04-23 12:35:14,696 [Level 15] [Iter 7440/9580, Epoch 7] train loss=1.73e-01, gnorm=4.11e+00, lr=2.48e-05, #samples processed=6144, #sample per second=101.85. ETA=46.49min
2021-04-23 12:36:15,303 [Level 15] [Iter 7488/9580, Epoch 7] train loss=1.84e-01, gnorm=3.95e+00, lr=2.43e-05, #samples processed=6144, #sample per second=101.38. ETA=45.44min
2021-04-23 12:36:22,490 [Level 25] [Iter 7488/9580, Epoch 7] valid f1=8.4714e-01, mcc=7.0324e-01, roc_auc=9.2912e-01, accuracy=8.5160e-01, log_loss=4.5004e-01, time spent=7.187s, total time spent=162.75min. Find new best=False, Find new top-3=False
2021-04-23 12:37:22,435 [Level 15] [Iter 7536/9580, Epoch 7] train loss=1.83e-01, gnorm=3.09e+00, lr=2.37e-05, #samples processed=6144, #sample per second=91.52. ETA=44.41min
2021-04-23 12:38:22,780 [Level 15] [Iter 7584/9580, Epoch 7] train loss=1.70e-01, gnorm=2.73e+00, lr=2.32e-05, #samples processed=6144, #sample per second=101.81. ETA=43.36min
2021-04-23 12:39:22,554 [Level 15] [Iter 7632/9580, Epoch 7] train loss=1.88e-01, gnorm=3.63e+00, lr=2.26e-05, #samples processed=6144, #sample per second=102.79. ETA=42.31min
2021-04-23 12:40:23,201 [Level 15] [Iter 7680/9580, Epoch 8] train loss=1.69e-01, gnorm=2.73e+00, lr=2.20e-05, #samples processed=6144, #sample per second=101.31. ETA=41.26min
2021-04-23 12:40:30,370 [Level 25] [Iter 7680/9580, Epoch 8] valid f1=8.4972e-01, mcc=6.9968e-01, roc_auc=9.2784e-01, accuracy=8.4960e-01, log_loss=4.6453e-01, time spent=7.168s, total time spent=166.88min. Find new best=False, Find new top-3=False
2021-04-23 12:41:30,312 [Level 15] [Iter 7728/9580, Epoch 8] train loss=1.80e-01, gnorm=4.18e+00, lr=2.15e-05, #samples processed=6144, #sample per second=91.55. ETA=40.23min
2021-04-23 12:42:30,951 [Level 15] [Iter 7776/9580, Epoch 8] train loss=1.70e-01, gnorm=3.11e+00, lr=2.09e-05, #samples processed=6144, #sample per second=101.32. ETA=39.18min
2021-04-23 12:43:31,164 [Level 15] [Iter 7824/9580, Epoch 8] train loss=1.63e-01, gnorm=5.81e+00, lr=2.04e-05, #samples processed=6144, #sample per second=102.04. ETA=38.13min
2021-04-23 12:44:30,990 [Level 15] [Iter 7872/9580, Epoch 8] train loss=1.69e-01, gnorm=2.13e+00, lr=1.98e-05, #samples processed=6144, #sample per second=102.70. ETA=37.08min
2021-04-23 12:44:38,177 [Level 25] [Iter 7872/9580, Epoch 8] valid f1=8.4964e-01, mcc=7.0242e-01, roc_auc=9.2766e-01, accuracy=8.5120e-01, log_loss=4.5178e-01, time spent=7.187s, total time spent=171.01min. Find new best=False, Find new top-3=False
2021-04-23 12:45:38,322 [Level 15] [Iter 7920/9580, Epoch 8] train loss=1.64e-01, gnorm=1.89e+00, lr=1.93e-05, #samples processed=6144, #sample per second=91.25. ETA=36.05min
2021-04-23 12:46:39,069 [Level 15] [Iter 7968/9580, Epoch 8] train loss=1.59e-01, gnorm=3.83e+00, lr=1.87e-05, #samples processed=6144, #sample per second=101.14. ETA=35.01min
2021-04-23 12:47:39,230 [Level 15] [Iter 8016/9580, Epoch 8] train loss=1.80e-01, gnorm=4.51e+00, lr=1.81e-05, #samples processed=6144, #sample per second=102.13. ETA=33.96min
2021-04-23 12:48:39,155 [Level 15] [Iter 8064/9580, Epoch 8] train loss=1.71e-01, gnorm=3.19e+00, lr=1.76e-05, #samples processed=6144, #sample per second=102.53. ETA=32.90min
2021-04-23 12:48:46,350 [Level 25] [Iter 8064/9580, Epoch 8] valid f1=8.4474e-01, mcc=6.9673e-01, roc_auc=9.2589e-01, accuracy=8.4840e-01, log_loss=4.6392e-01, time spent=7.194s, total time spent=175.15min. Find new best=False, Find new top-3=False
2021-04-23 12:49:46,458 [Level 15] [Iter 8112/9580, Epoch 8] train loss=1.67e-01, gnorm=2.75e+00, lr=1.70e-05, #samples processed=6144, #sample per second=91.29. ETA=31.88min
2021-04-23 12:50:46,739 [Level 15] [Iter 8160/9580, Epoch 8] train loss=1.75e-01, gnorm=4.57e+00, lr=1.65e-05, #samples processed=6144, #sample per second=101.92. ETA=30.83min
2021-04-23 12:51:46,612 [Level 15] [Iter 8208/9580, Epoch 8] train loss=1.72e-01, gnorm=5.23e+00, lr=1.59e-05, #samples processed=6144, #sample per second=102.62. ETA=29.78min
2021-04-23 12:52:46,587 [Level 15] [Iter 8256/9580, Epoch 8] train loss=1.75e-01, gnorm=5.62e+00, lr=1.54e-05, #samples processed=6144, #sample per second=102.44. ETA=28.73min
2021-04-23 12:52:53,761 [Level 25] [Iter 8256/9580, Epoch 8] valid f1=8.4349e-01, mcc=6.9603e-01, roc_auc=9.2631e-01, accuracy=8.4800e-01, log_loss=4.4687e-01, time spent=7.173s, total time spent=179.27min. Find new best=False, Find new top-3=False
2021-04-23 12:53:53,801 [Level 15] [Iter 8304/9580, Epoch 8] train loss=1.66e-01, gnorm=2.81e+00, lr=1.48e-05, #samples processed=6144, #sample per second=91.41. ETA=27.70min
2021-04-23 12:54:53,863 [Level 15] [Iter 8352/9580, Epoch 8] train loss=1.76e-01, gnorm=5.15e+00, lr=1.42e-05, #samples processed=6144, #sample per second=102.30. ETA=26.65min
2021-04-23 12:55:53,862 [Level 15] [Iter 8400/9580, Epoch 8] train loss=1.57e-01, gnorm=8.03e+00, lr=1.37e-05, #samples processed=6144, #sample per second=102.40. ETA=25.61min
2021-04-23 12:56:54,129 [Level 15] [Iter 8448/9580, Epoch 8] train loss=1.59e-01, gnorm=5.29e+00, lr=1.31e-05, #samples processed=6144, #sample per second=101.95. ETA=24.56min
2021-04-23 12:57:01,290 [Level 25] [Iter 8448/9580, Epoch 8] valid f1=8.4784e-01, mcc=7.0487e-01, roc_auc=9.2654e-01, accuracy=8.5240e-01, log_loss=4.7093e-01, time spent=7.161s, total time spent=183.40min. Find new best=False, Find new top-3=False
2021-04-23 12:57:01,290 [INFO] Early stopping patience reached!
2021-04-23 12:57:03,172 [INFO] Training completed. Auto-saving to "/home/renxiang/code/streamlit_stonks/StonksML/autogluon_model/". For loading the model, you can use `predictor = TextPredictor.load("/home/renxiang/code/streamlit_stonks/StonksML/autogluon_model/")`
