2021-04-28 23:32:57,822 [INFO] Note: NumExpr detected 12 cores but "NUMEXPR_MAX_THREADS" not set, so enforcing safe limit of 8.
2021-04-28 23:32:57,823 [INFO] NumExpr defaulting to 8 threads.
2021-04-28 23:34:15,323 [INFO] 


 Forecasts generated by new training runs:
2021-04-28 23:34:15,323 [INFO] Forecast for AAPL:
2021-04-28 23:34:15,323 [INFO]                   Open
2021-04-29  135.479867
2021-04-30  135.259524
2021-05-03  135.457078
2021-05-04  135.206431
2021-05-05  135.553634
2021-05-06  135.052365
2021-05-07  134.669812
2021-04-28 23:34:15,328 [INFO] Forecast for AAPL:
2021-04-28 23:34:15,328 [INFO]                  Close
2021-04-29  127.182935
2021-04-30  122.148387
2021-05-03  122.148387
2021-05-04  122.148387
2021-05-05  122.148387
2021-05-06  122.148387
2021-05-07  122.148387
2021-04-28 23:34:15,333 [INFO] Forecast for GOOG:
2021-04-28 23:34:15,333 [INFO]                    Open
2021-04-29  2404.163957
2021-04-30  2408.553959
2021-05-03  2369.009901
2021-05-04  2370.478005
2021-05-05  2388.452796
2021-05-06  2368.659780
2021-05-07  2355.787203
2021-04-28 23:34:15,339 [INFO] Forecast for GOOG:
2021-04-28 23:34:15,339 [INFO]                   Close
2021-04-29  2410.834488
2021-04-30  2417.358917
2021-05-03  2430.786590
2021-05-04  2437.311020
2021-05-05  2443.835449
2021-05-06  2450.359879
2021-05-07  2456.884308
2021-04-28 23:34:15,344 [INFO] Forecast for MZH.SI:
2021-04-28 23:34:15,344 [INFO]                 Open
2021-04-29  5.182207
2021-04-30  5.086599
2021-05-03  5.040894
2021-05-04  4.949441
2021-05-05  4.905712
2021-05-06  4.818194
2021-05-07  4.776338
2021-04-28 23:34:15,349 [INFO] Forecast for MZH.SI:
2021-04-28 23:34:15,349 [INFO]                Close
2021-04-29  4.859962
2021-04-30  4.649455
2021-05-03  4.448067
2021-05-04  4.255401
2021-05-05  4.071080
2021-05-06  3.894743
2021-05-07  3.726044
2021-04-28 23:34:15,355 [INFO] Forecast for TSLA:
2021-04-28 23:34:15,355 [INFO]                   Open
2021-04-29  713.386155
2021-04-30  713.386155
2021-05-03  713.386155
2021-05-04  713.386155
2021-05-05  713.386155
2021-05-06  713.386155
2021-05-07  713.386155
2021-04-28 23:34:15,359 [INFO] Forecast for TSLA:
2021-04-28 23:34:15,359 [INFO]                 Close
2021-04-29  719.76105
2021-04-30  719.76105
2021-05-03  719.76105
2021-05-04  719.76105
2021-05-05  719.76105
2021-05-06  719.76105
2021-05-07  719.76105
2021-04-28 23:34:15,364 [INFO] Forecast for V:
2021-04-28 23:34:15,364 [INFO]                   Open
2021-04-29  231.615905
2021-04-30  232.281813
2021-05-03  232.947721
2021-05-04  233.613629
2021-05-05  234.279537
2021-05-06  234.945446
2021-05-07  235.611354
2021-04-28 23:34:15,369 [INFO] Forecast for V:
2021-04-28 23:34:15,369 [INFO]                  Close
2021-04-29  232.673865
2021-04-30  233.962164
2021-05-03  235.258758
2021-05-04  236.558118
2021-05-05  237.860242
2021-05-06  239.165132
2021-05-07  240.472786
2021-04-28 23:34:15,374 [INFO] Forecast for ^GSPC:
2021-04-28 23:34:15,374 [INFO]                    Open
2021-04-29  4190.575938
2021-04-30  4195.961834
2021-05-03  4207.005406
2021-05-04  4212.243594
2021-05-05  4217.435660
2021-05-06  4222.582463
2021-05-07  4227.684840
2021-04-28 23:34:15,379 [INFO] Forecast for ^GSPC:
2021-04-28 23:34:15,379 [INFO]                   Close
2021-04-29  4194.479924
2021-04-30  4199.539926
2021-05-03  4204.599929
2021-05-04  4209.659931
2021-05-05  4214.719933
2021-05-06  4219.779935
2021-05-07  4224.839938
2021-04-28 23:34:15,383 [INFO] Forecast for ^IXIC:
2021-04-28 23:34:15,383 [INFO]                     Open
2021-04-29  14089.475075
2021-04-30  14089.475075
2021-05-03  14089.475075
2021-05-04  14089.475075
2021-05-05  14089.475075
2021-05-06  14089.475075
2021-05-07  14089.475075
2021-04-28 23:34:15,389 [INFO] Forecast for ^IXIC:
2021-04-28 23:34:15,389 [INFO]                    Close
2021-04-29  14086.171973
2021-04-30  14086.171973
2021-05-03  14086.171973
2021-05-04  14086.171973
2021-05-05  14086.171973
2021-05-06  14086.171973
2021-05-07  14086.171973
