Number of cores detected on this machine: 12
Training model for AAPL with wide features
Training model for GOOG with wide features
Training model for MZH.SI with wide features
Training model for TSLA with wide features
Training model for V with wide features
Training model for ^GSPC with wide features
Training model for ^IXIC with wide features



 Forecasts generated from latest data:
Forecast for AAPL:
              Open        High         Low       Close      Volume  Dividends  Stock Splits       DateCol
2021-06-07  124.07  126.160004  123.849998  125.889999  75087300.0        0.0           0.0  1.622765e+18
2021-06-08  124.07  126.160004  123.849998  125.889999  75087300.0        0.0           0.0  1.622765e+18
2021-06-09  124.07  126.160004  123.849998  125.889999  75087300.0        0.0           0.0  1.622765e+18
2021-06-10  124.07  126.160004  123.849998  125.889999  75087300.0        0.0           0.0  1.622765e+18
2021-06-11  124.07  126.160004  123.849998  125.889999  75087300.0        0.0           0.0  1.622765e+18
2021-06-14  124.07  126.160004  123.849998  125.889999  75087300.0        0.0           0.0  1.622765e+18
2021-06-15  124.07  126.160004  123.849998  125.889999  75087300.0        0.0           0.0  1.622765e+18
Forecast for GOOG:
                   Open         High          Low        Close        Volume  Dividends  Stock Splits       DateCol
2021-06-07  2454.830105  2448.620388  2437.459988  2446.835110  1.259200e+06        0.0           0.0  1.622074e+18
2021-06-08  2443.810094  2460.630406  2440.855017  2451.475012  1.195500e+06        0.0           0.0  1.622333e+18
2021-06-09  2459.720016  2451.780562  2424.720016  2442.705001  1.049800e+06        0.0           0.0  1.622419e+18
2021-06-10  2437.080132  2437.500541  2411.580133  2442.365166  1.157600e+06        0.0           0.0  1.622506e+18
2021-06-11  2445.060121  2445.942445  2409.460025  2416.995058  1.261400e+06        0.0           0.0  1.622592e+18
2021-06-14  2435.300138  2464.180508  2431.220062  2457.835173  1.566600e+06        0.0           0.0  1.622678e+18
2021-06-15  2421.665138  2426.868017  2396.875100  2401.335182  1.323750e+06        0.0           0.0  1.622160e+18
Forecast for MZH.SI:
                Open      High       Low     Close        Volume  Dividends  Stock Splits       DateCol
2021-06-07  5.516729  5.491676  5.464783  5.431454  1.946379e+06        0.0           0.0  1.622678e+18
2021-06-08  5.522666  5.498012  5.467900  5.437720  1.947707e+06        0.0           0.0  1.622678e+18
2021-06-09  5.528282  5.504348  5.467900  5.443985  1.949035e+06        0.0           0.0  1.622678e+18
2021-06-10  5.528282  5.510685  5.467900  5.450251  1.950362e+06        0.0           0.0  1.622678e+18
2021-06-11  5.528282  5.517021  5.467900  5.456516  1.951690e+06        0.0           0.0  1.622678e+18
2021-06-14  5.528282  5.545609  5.467900  5.471159  1.955673e+06        0.0           0.0  1.622678e+18
2021-06-15  5.528282  5.555860  5.467900  5.474701  1.957000e+06        0.0           0.0  1.622678e+18
Forecast for TSLA:
                  Open        High         Low       Close      Volume  Dividends  Stock Splits       DateCol
2021-06-07  579.710022  600.609985  577.200012  599.049988  24002100.0        0.0           0.0  1.622765e+18
2021-06-08  579.710022  600.609985  577.200012  599.049988  24002100.0        0.0           0.0  1.622765e+18
2021-06-09  579.710022  600.609985  577.200012  599.049988  24002100.0        0.0           0.0  1.622765e+18
2021-06-10  579.710022  600.609985  577.200012  599.049988  24002100.0        0.0           0.0  1.622765e+18
2021-06-11  579.710022  600.609985  577.200012  599.049988  24002100.0        0.0           0.0  1.622765e+18
2021-06-14  579.710022  600.609985  577.200012  599.049988  24002100.0        0.0           0.0  1.622765e+18
2021-06-15  579.710022  600.609985  577.200012  599.049988  24002100.0        0.0           0.0  1.622765e+18
Forecast for V:
                  Open        High         Low       Close        Volume  Dividends  Stock Splits       DateCol
2021-06-07  229.379214  231.093179  227.722510  228.870910  5.801321e+06        0.0           0.0  1.622048e+18
2021-06-08  229.144774  230.479564  226.930591  228.135826  6.478143e+06        0.0           0.0  1.622302e+18
2021-06-09  227.977213  230.392306  226.742520  228.870713  6.578705e+06        0.0           0.0  1.621794e+18
2021-06-10  229.496585  231.434860  227.860302  228.860287  5.706691e+06        0.0           0.0  1.622308e+18
2021-06-11  228.826656  230.726578  227.268587  229.399074  5.664366e+06        0.0           0.0  1.622178e+18
2021-06-14  229.499850  232.126338  228.060314  229.679245  5.542879e+06        0.0           0.0  1.622178e+18
2021-06-15  229.865433  231.524096  228.437244  229.772722  5.354409e+06        0.0           0.0  1.622330e+18
Forecast for ^GSPC:
                   Open         High          Low        Close        Volume  Dividends  Stock Splits       DateCol
2021-06-07  4185.210393  4194.620757  4132.129191  4180.696939  4.321941e+09        0.0           0.0  1.622518e+18
2021-06-08  4185.428386  4194.839916  4174.977932  4180.915207  4.071154e+09        0.0           0.0  1.622592e+18
2021-06-09  4179.510965  4207.754254  4146.249893  4199.928763  4.504888e+09        0.0           0.0  1.622665e+18
2021-06-10  4211.452199  4222.354683  4196.482967  4211.071331  4.071608e+09        0.0           0.0  1.622739e+18
2021-06-11  4211.670192  4222.573843  4190.887793  4192.704877  3.721987e+09        0.0           0.0  1.622987e+18
2021-06-14  4158.006962  4185.290644  4119.956135  4167.944787  3.653631e+09        0.0           0.0  1.623208e+18
2021-06-15  4130.317223  4161.227447  4063.960631  4089.437560  3.722894e+09        0.0           0.0  1.623282e+18
Forecast for ^IXIC:
                    Open         High           Low       Close        Volume  Dividends  Stock Splits       DateCol
2021-06-07  13666.610107  13790.38501  13674.464844  13806.0625  4.386185e+09        0.0           0.0  1.622354e+18
2021-06-08  13666.610107  13790.38501  13674.464844  13806.0625  4.386185e+09        0.0           0.0  1.622354e+18
2021-06-09  13666.610107  13790.38501  13674.464844  13806.0625  4.386185e+09        0.0           0.0  1.622354e+18
2021-06-10  13666.610107  13790.38501  13674.464844  13806.0625  4.386185e+09        0.0           0.0  1.622354e+18
2021-06-11  13666.610107  13790.38501  13674.464844  13806.0625  4.386185e+09        0.0           0.0  1.622354e+18
2021-06-14  13666.610107  13790.38501  13674.464844  13806.0625  4.386185e+09        0.0           0.0  1.622354e+18
2021-06-15  13666.610107  13790.38501  13674.464844  13806.0625  4.386185e+09        0.0           0.0  1.622354e+18
